<?xml version="1.0" encoding="UTF-8"?>
<!-- Generated by org.testng.reporters.JUnitReportReporter -->
<testsuite skipped="2" hostname="NMLTTW0126" name="com.testAssignment.GooglePage" tests="3" failures="0" timestamp="01 Jun 2020 12:20:56 GMT" time="13.483" errors="0">
  <testcase name="openGmail" time="13.483" classname="com.testAssignment.GooglePage"/>
  <testcase name="brokenLInks" classname="com.testAssignment.GooglePage">
    <skipped/>
  </testcase> <!-- brokenLInks -->
  <testcase name="openGmailInNewTab" classname="com.testAssignment.GooglePage">
    <skipped/>
  </testcase> <!-- openGmailInNewTab -->
</testsuite> <!-- com.testAssignment.GooglePage -->
