<?xml version="1.0" encoding="UTF-8"?>
<!-- Generated by org.testng.reporters.JUnitReportReporter -->
<testsuite skipped="0" hostname="NMLTTW0126" name="com.testAssignment.RahulShetty" tests="1" failures="0" timestamp="01 Jun 2020 12:22:00 GMT" time="7.748" errors="0">
  <testcase name="MycoursePage" time="7.748" classname="com.testAssignment.RahulShetty"/>
</testsuite> <!-- com.testAssignment.RahulShetty -->
